<?xml version="1.0" encoding="UTF-8"?>
<testng-results skipped="0" failed="0" ignored="0" total="1" passed="1">
  <reporter-output>
  </reporter-output>
  <suite name="Default suite" duration-ms="4661" started-at="2022-07-29T10:52:03Z" finished-at="2022-07-29T10:52:08Z">
    <groups>
    </groups>
    <test name="Default test" duration-ms="4661" started-at="2022-07-29T10:52:03Z" finished-at="2022-07-29T10:52:08Z">
      <class name="Iter.Truetest">
        <test-method status="PASS" signature="googletest()[pri:0, instance:Iter.Truetest@6b9651f3]" name="googletest" duration-ms="4630" started-at="2022-07-29T10:52:03Z" finished-at="2022-07-29T10:52:08Z">
          <reporter-output>
          </reporter-output>
        </test-method> <!-- googletest -->
      </class> <!-- Iter.Truetest -->
    </test> <!-- Default test -->
  </suite> <!-- Default suite -->
</testng-results>
